1	Buyer	_	NN	NN	_	2	_	_	_
2	Beware	_	VB	VB	_	0	_	_	_
3	!!	_	.	.	_	2	_	_	_

1	Rusted	_	VBN	VBN	_	0	_	_	_
2	out	_	RP	RP	_	1	_	_	_
3	and	_	CC	CC	_	1	_	_	_
4	unsafe	_	JJ	JJ	_	5	_	_	_
5	cars	_	NNS	NNS	_	6	_	_	_
6	sold	_	VBN	VBN	_	1	_	_	_
7	here	_	RB	RB	_	6	_	_	_
8	!	_	.	.	_	1	_	_	_

1	Have	_	VB	VB	_	0	_	_	_
2	a	_	DT	DT	_	4	_	_	_
3	real	_	JJ	JJ	_	4	_	_	_
4	mechanic	_	NN	NN	_	5	_	_	_
5	check	_	VB	VB	_	1	_	_	_
6	before	_	IN	IN	_	8	_	_	_
7	you	_	PRP	PRP	_	8	_	_	_
8	buy	_	VBP	VBP	_	5	_	_	_
9	!!!!	_	.	.	_	1	_	_	_

1	Save	_	VB	VB	_	0	_	_	_
2	money	_	NN	NN	_	1	_	_	_
3	and	_	CC	CC	_	1	_	_	_
4	go	_	VB	VB	_	1	_	_	_
5	somewhere	_	RB	RB	_	4	_	_	_
6	else	_	RB	RB	_	4	_	_	_
7	!	_	.	.	_	1	_	_	_

